2016-05-15 16:29:58 DEBUG Analys:41 - Log4j intitialized..
2016-05-15 16:29:58 INFO  Analys:81 - 1 found in a configüration.
2016-05-15 16:29:58 INFO  Analys:123 - 3 destinations found.
2016-05-15 16:29:58 INFO  DbAdaptor:20 - DbAdaptor is initializing..
2016-05-15 16:29:58 ERROR DbAdaptor:47 - java.lang.ClassNotFoundException: com.postgresql.Driver
java.lang.ClassNotFoundException: com.postgresql.Driver
	at java.net.URLClassLoader$1.run(URLClassLoader.java:366)
	at java.net.URLClassLoader$1.run(URLClassLoader.java:355)
	at java.security.AccessController.doPrivileged(Native Method)
	at java.net.URLClassLoader.findClass(URLClassLoader.java:354)
	at java.lang.ClassLoader.loadClass(ClassLoader.java:425)
	at sun.misc.Launcher$AppClassLoader.loadClass(Launcher.java:308)
	at java.lang.ClassLoader.loadClass(ClassLoader.java:358)
	at java.lang.Class.forName0(Native Method)
	at java.lang.Class.forName(Class.java:195)
	at com.wora.adaptor.DbAdaptor.init(DbAdaptor.java:45)
	at com.wora.main.Analys.createDestinations(Analys.java:130)
	at com.wora.main.Analys.initializeServices(Analys.java:73)
	at com.wora.main.Test.main(Test.java:28)
2016-05-15 16:29:58 INFO  DbAdaptor:50 - DbAdaptor is initialized..
2016-05-15 16:29:59 INFO  Analys:142 - 2 template found.
2016-05-15 16:29:59 DEBUG Analys:227 - initializeDbService is started.
2016-05-15 16:29:59 DEBUG AbstractDBService:41 - Db initalizing..
2016-05-15 16:29:59 DEBUG AbstractDBService:45 - Param length : 7
2016-05-15 16:29:59 DEBUG AbstractDBService:78 - AbstractDBService [dbConnection=null, jdbcURL=jdbc:h2:mem:bitirme;MODE=Derby, dbName=bitirme, dbUserName=wora, dbPassword=wora, dbValidationQuery=, dbDriver=org.h2.Driver, dbMode=Derby, delay=-1]
2016-05-15 16:29:59 DEBUG AbstractDBService:94 - get Db Connection 
2016-05-15 16:29:59 DEBUG AbstractDBService:98 - Connection taken 
2016-05-15 16:29:59 DEBUG AbstractDBService:81 - Database object is initialized
2016-05-15 16:29:59 DEBUG AbstractDBService:23 - H2 memory started at : http://127.0.1.1:8082
2016-05-15 16:29:59 DEBUG AbstractDBService:29 - Checking metadata...
2016-05-15 16:29:59 DEBUG AbstractDBService:106 - DB connection validating....
2016-05-15 16:29:59 DEBUG AbstractDBService:112 - Creating statement validateDbConnection : 
2016-05-15 16:29:59 DEBUG AbstractDBService:62 - Create script : create table MethodLog(ID int not null GENERATED ALWAYS AS IDENTITY (START WITH 1, INCREMENT BY 1) , dateOfData date, methodName varchar, methodDesc varchar, methodRunningTime integer )
2016-05-15 16:29:59 DEBUG AbstractDBService:106 - DB connection validating....
2016-05-15 16:29:59 INFO  AbstractDBService:88 - table empty!
2016-05-15 16:29:59 DEBUG AbstractDBService:62 - Create script : create table LoopLog(ID int not null GENERATED ALWAYS AS IDENTITY (START WITH 1, INCREMENT BY 1) , dateOfData date, loopDesc varchar, loopSize integer )
2016-05-15 16:29:59 DEBUG AbstractDBService:106 - DB connection validating....
2016-05-15 16:29:59 INFO  AbstractDBService:88 - table empty!
2016-05-15 16:29:59 DEBUG AbstractDBService:175 - DBService - cleanUpDatabase begin..
2016-05-15 16:29:59 DEBUG AbstractDBService:177 - cleanUpDatabase end..
2016-05-15 16:29:59 DEBUG Analys:237 - initializeDbService is finished.
2016-05-15 16:30:02 DEBUG IOUtils:129 - (Log Msg) : <STX><SUB>05-11-2016<SUB>contextInitialized<SUB>starting server<SUB>175<SUB><ETX>
2016-05-15 16:30:02 DEBUG HadoopTemplate:177 - Proccessing data : <STX><SUB>05-11-2016<SUB>contextInitialized<SUB>starting server<SUB>175<SUB><ETX>
2016-05-15 16:30:02 DEBUG HadoopTemplate:182 - startOfText : 2 -- endOfText : 3 -- delimeter : 26
2016-05-15 16:30:02 INFO  HadoopTemplate:192 - LineBean [name=dateOfData, descpriton=log data date, sequence=1, format=dd-M-yyyy, pattern=less than %05-12-2016%, type=date]
2016-05-15 16:30:09 DEBUG TemplateValidationProcessor:45 - Compare two date : 05-12-2016 and Sat Nov 05 00:00:00 EET 2016
2016-05-15 16:30:11 INFO  HadoopTemplate:198 - Valid : true
2016-05-15 16:30:12 INFO  HadoopTemplate:192 - LineBean [name=methodName, descpriton=method name, sequence=2, format=, pattern=if equals %contextInitialized%, type=string]
2016-05-15 16:30:17 INFO  HadoopTemplate:198 - Valid : true
2016-05-15 16:30:20 INFO  HadoopTemplate:192 - LineBean [name=methodDesc, descpriton=method description, sequence=3, format=, pattern=if like %starting server%, type=string]
2016-05-15 16:30:28 INFO  HadoopTemplate:198 - Valid : true
2016-05-15 16:30:29 INFO  HadoopTemplate:192 - LineBean [name=methodRunningTime, descpriton=method running time, sequence=4, format=, pattern=greater than %100%, type=integer]
2016-05-15 16:30:31 INFO  HadoopTemplate:198 - Valid : true
2016-05-15 16:30:33 INFO  HadoopTemplate:202 -  valid for template!!!!!!!!!!
2016-05-15 16:30:38 DEBUG IOUtils:129 - (Log Msg) : <STX><SUB>05-11-2016<SUB>contextInitialized<SUB>starting server<SUB>175<SUB><ETX>
2016-05-15 16:30:39 DEBUG HadoopTemplate:177 - Proccessing data : <STX><SUB>05-11-2016<SUB>contextInitialized<SUB>starting server<SUB>175<SUB><ETX>
2016-05-15 16:30:40 DEBUG HadoopTemplate:182 - startOfText : 2 -- endOfText : 3 -- delimeter : 26
2016-05-15 16:30:43 INFO  HadoopTemplate:192 - LineBean [name=dateOfData, descpriton=log data date, sequence=1, format=dd-M-yyyy, pattern=less than %05-12-2016%, type=date]
2016-05-15 16:30:48 DEBUG TemplateValidationProcessor:45 - Compare two date : 05-12-2016 and Sat Nov 05 00:00:00 EET 2016
2016-05-15 16:30:51 INFO  HadoopTemplate:198 - Valid : true
2016-05-15 16:30:52 INFO  HadoopTemplate:192 - LineBean [name=loopDesc, descpriton=loop desciption, sequence=2, format=, pattern=if equals %contextDestroyed%, type=string]
2016-05-15 16:31:00 INFO  HadoopTemplate:204 -  invalid for template!!!!!!!!!!
